ERROR:root:Unable to save picture/beautiful-1274056.jpg_no_bg.png due to invalid value for parameter 'size'
ERROR:root:Unable to save picture/beautiful-1274056.jpg_no_bg.png due to invalid value for parameter 'size'
ERROR:root:Unable to save picture/beautiful-1274056.jpg_no_bg.png due to insufficient credits
ERROR:root:Unable to save picture/beautiful-1274056.jpg_no_bg.png due to insufficient credits
ERROR:root:Unable to save picture/beautiful-1274056.jpg_no_bg.png due to insufficient credits
ERROR:root:Unable to save picture/beautiful-1274056.jpg_no_bg.png due to insufficient credits
ERROR:root:Unable to save beautiful-1274056.jpg_no_bg.png due to insufficient credits
ERROR:root:Unable to save beautiful-1274056.jpg_no_bg.png due to insufficient credits
ERROR:root:Unable to save beautiful-1274056.jpg_no_bg.png due to insufficient credits
ERROR:root:Unable to save beautiful-1274056.jpg_no_bg.png due to insufficient credits
ERROR:root:Unable to save picture/fashion-3080644.jpg_no_bg.png due to insufficient credits
ERROR:root:Unable to save picture/beautiful-1274056.jpg_no_bg.png due to insufficient credits
ERROR:root:Unable to save picture/fashion-3080644.jpg_no_bg.png due to insufficient credits
ERROR:root:Unable to save picture/beautiful-1274056.jpg_no_bg.png due to insufficient credits
ERROR:root:Unable to save picture/fashion-3080644.jpg_no_bg.png due to insufficient credits
ERROR:root:Unable to save picture/beautiful-1274056.jpg_no_bg.png due to insufficient credits
ERROR:root:Unable to save picture/fashion-3080644.jpg_no_bg.png due to insufficient credits
ERROR:root:Unable to save picture/beautiful-1274056.jpg_no_bg.png due to insufficient credits
ERROR:root:Unable to save picture/fashion-3080644.jpg_no_bg.png due to insufficient credits
ERROR:root:Unable to save picture/beautiful-1274056.jpg_no_bg.png due to insufficient credits
ERROR:root:Unable to save picture/fashion-3080644.jpg_no_bg.png due to insufficient credits
ERROR:root:Unable to save picture/beautiful-1274056.jpg_no_bg.png due to insufficient credits
ERROR:root:Unable to save picture/.DS_Store_no_bg.png due to invalid file type
ERROR:root:Unable to save picture2/Picture12.png_no_bg.png due to could not identify foreground in image. for details and recommendations see https://www.remove.bg/supported-images.
ERROR:root:Unable to save picture2/Picture1.png_no_bg.png due to could not identify foreground in image. for details and recommendations see https://www.remove.bg/supported-images.
ERROR:root:Unable to save picture2/Picture12.png_no_bg.png due to could not identify foreground in image. for details and recommendations see https://www.remove.bg/supported-images.
ERROR:root:Unable to save picture2/Picture1.png_no_bg.png due to could not identify foreground in image. for details and recommendations see https://www.remove.bg/supported-images.
